<?xml version="1.0" encoding="UTF-8"?>
<testng-results ignored="0" total="1" passed="1" failed="0" skipped="0">
  <reporter-output>
  </reporter-output>
  <suite started-at="2023-02-16T12:02:00 IST" name="Surefire suite" finished-at="2023-02-16T12:02:45 IST" duration-ms="44680">
    <groups>
    </groups>
    <test started-at="2023-02-16T12:02:00 IST" name="Surefire test" finished-at="2023-02-16T12:02:45 IST" duration-ms="44680">
      <class name="testcases.LoginTest">
        <test-method is-config="true" signature="setupBrowser()[pri:0, instance:testcases.LoginTest@385e9564]" started-at="2023-02-16T12:02:02 IST" name="setupBrowser" finished-at="2023-02-16T12:02:40 IST" duration-ms="38211" status="PASS">
          <reporter-output>
          </reporter-output>
        </test-method> <!-- setupBrowser -->
        <test-method signature="loginToApplication(java.lang.String,java.lang.String)[pri:0, instance:testcases.LoginTest@385e9564]" started-at="2023-02-16T12:02:40 IST" name="loginToApplication" data-provider="loginDetails" finished-at="2023-02-16T12:02:43 IST" duration-ms="3455" status="PASS">
          <params>
            <param index="0">
              <value>
                <![CDATA[jananaayagan.v]]>
              </value>
            </param>
            <param index="1">
              <value>
                <![CDATA[UmayalShachin@20]]>
              </value>
            </param>
          </params>
          <reporter-output>
          </reporter-output>
        </test-method> <!-- loginToApplication -->
        <test-method is-config="true" signature="tearDown()[pri:0, instance:testcases.LoginTest@385e9564]" started-at="2023-02-16T12:02:43 IST" name="tearDown" finished-at="2023-02-16T12:02:45 IST" duration-ms="1470" status="PASS">
          <reporter-output>
          </reporter-output>
        </test-method> <!-- tearDown -->
      </class> <!-- testcases.LoginTest -->
    </test> <!-- Surefire test -->
  </suite> <!-- Surefire suite -->
</testng-results>
