<?xml version="1.0" encoding="UTF-8"?>
<testng-results ignored="0" total="1" passed="1" failed="0" skipped="0">
  <reporter-output>
  </reporter-output>
  <suite started-at="2023-02-16T09:12:09 IST" name="Surefire suite" finished-at="2023-02-16T09:13:00 IST" duration-ms="50778">
    <groups>
    </groups>
    <test started-at="2023-02-16T09:12:09 IST" name="Surefire test" finished-at="2023-02-16T09:13:00 IST" duration-ms="50778">
      <class name="testcases.LoginTest">
        <test-method is-config="true" signature="setupBrowser()[pri:0, instance:testcases.LoginTest@385e9564]" started-at="2023-02-16T09:12:11 IST" name="setupBrowser" finished-at="2023-02-16T09:12:52 IST" duration-ms="40837" status="PASS">
          <reporter-output>
          </reporter-output>
        </test-method> <!-- setupBrowser -->
        <test-method signature="loginToApplication(java.lang.String,java.lang.String)[pri:0, instance:testcases.LoginTest@385e9564]" started-at="2023-02-16T09:12:52 IST" name="loginToApplication" data-provider="loginDetails" finished-at="2023-02-16T09:12:59 IST" duration-ms="6330" status="PASS">
          <params>
            <param index="0">
              <value>
                <![CDATA[jananaayagan.v]]>
              </value>
            </param>
            <param index="1">
              <value>
                <![CDATA[UmayalShachin@20]]>
              </value>
            </param>
          </params>
          <reporter-output>
          </reporter-output>
        </test-method> <!-- loginToApplication -->
        <test-method is-config="true" signature="tearDown()[pri:0, instance:testcases.LoginTest@385e9564]" started-at="2023-02-16T09:12:59 IST" name="tearDown" finished-at="2023-02-16T09:13:00 IST" duration-ms="1478" status="PASS">
          <reporter-output>
          </reporter-output>
        </test-method> <!-- tearDown -->
      </class> <!-- testcases.LoginTest -->
    </test> <!-- Surefire test -->
  </suite> <!-- Surefire suite -->
</testng-results>
