<?xml version="1.0" encoding="UTF-8"?>
<testng-results ignored="0" total="1" passed="1" failed="0" skipped="0">
  <reporter-output>
  </reporter-output>
  <suite started-at="2023-02-16T11:59:18 IST" name="Suite" finished-at="2023-02-16T12:00:05 IST" duration-ms="46809">
    <groups>
    </groups>
    <test started-at="2023-02-16T11:59:18 IST" name="Test" finished-at="2023-02-16T12:00:05 IST" duration-ms="46809">
      <class name="testcases.LoginTest">
        <test-method is-config="true" signature="setupBrowser()[pri:0, instance:testcases.LoginTest@1984b1f]" started-at="2023-02-16T11:59:20 IST" name="setupBrowser" finished-at="2023-02-16T11:59:58 IST" duration-ms="38548" status="PASS">
          <reporter-output>
          </reporter-output>
        </test-method> <!-- setupBrowser -->
        <test-method signature="loginToApplication(java.lang.String,java.lang.String)[pri:0, instance:testcases.LoginTest@1984b1f]" started-at="2023-02-16T11:59:58 IST" name="loginToApplication" data-provider="loginDetails" finished-at="2023-02-16T12:00:02 IST" duration-ms="4042" status="PASS">
          <params>
            <param index="0">
              <value>
                <![CDATA[jananaayagan.v]]>
              </value>
            </param>
            <param index="1">
              <value>
                <![CDATA[UmayalShachin@20]]>
              </value>
            </param>
          </params>
          <reporter-output>
          </reporter-output>
        </test-method> <!-- loginToApplication -->
        <test-method is-config="true" signature="tearDown()[pri:0, instance:testcases.LoginTest@1984b1f]" started-at="2023-02-16T12:00:04 IST" name="tearDown" finished-at="2023-02-16T12:00:05 IST" duration-ms="1310" status="PASS">
          <reporter-output>
          </reporter-output>
        </test-method> <!-- tearDown -->
      </class> <!-- testcases.LoginTest -->
    </test> <!-- Test -->
  </suite> <!-- Suite -->
</testng-results>
