<?xml version="1.0" encoding="UTF-8"?>
<testng-results ignored="0" total="1" passed="1" failed="0" skipped="0">
  <reporter-output>
  </reporter-output>
  <suite started-at="2023-02-15T18:21:35 IST" name="Default suite" finished-at="2023-02-15T18:21:56 IST" duration-ms="20804">
    <groups>
    </groups>
    <test started-at="2023-02-15T18:21:35 IST" name="Default test" finished-at="2023-02-15T18:21:56 IST" duration-ms="20804">
      <class name="testcases.LoginTest">
        <test-method is-config="true" signature="setupBrowser()[pri:0, instance:testcases.LoginTest@53fdffa1]" started-at="2023-02-15T18:21:36 IST" name="setupBrowser" finished-at="2023-02-15T18:21:51 IST" duration-ms="14924" status="PASS">
          <reporter-output>
          </reporter-output>
        </test-method> <!-- setupBrowser -->
        <test-method signature="loginToApplication(java.lang.String,java.lang.String)[pri:0, instance:testcases.LoginTest@53fdffa1]" started-at="2023-02-15T18:21:51 IST" name="loginToApplication" data-provider="loginDetails" finished-at="2023-02-15T18:21:54 IST" duration-ms="3268" status="PASS">
          <params>
            <param index="0">
              <value>
                <![CDATA[jananaayagan.v]]>
              </value>
            </param>
            <param index="1">
              <value>
                <![CDATA[UmayalShachin@20]]>
              </value>
            </param>
          </params>
          <reporter-output>
          </reporter-output>
        </test-method> <!-- loginToApplication -->
        <test-method is-config="true" signature="tearDown()[pri:0, instance:testcases.LoginTest@53fdffa1]" started-at="2023-02-15T18:21:54 IST" name="tearDown" finished-at="2023-02-15T18:21:56 IST" duration-ms="1238" status="PASS">
          <reporter-output>
          </reporter-output>
        </test-method> <!-- tearDown -->
      </class> <!-- testcases.LoginTest -->
    </test> <!-- Default test -->
  </suite> <!-- Default suite -->
</testng-results>
